2019-07-09 03:28:11,871:INFO: Loading the datasets...
2019-07-09 03:28:49,260:INFO: - done.
2019-07-09 03:28:51,958:INFO: Starting training for 20 epoch(s)
2019-07-09 03:28:51,958:INFO: Epoch 1/20
2019-07-09 05:12:02,431:INFO: - Train entropy loss: 735365.8125
2019-07-09 05:17:19,143:INFO: - Evaluation entropy loss: 81596.3671875
2019-07-09 05:49:20,731:INFO: Loading the datasets...
2019-07-09 05:49:58,071:INFO: - done.
2019-07-09 05:50:00,779:INFO: Starting training for 20 epoch(s)
2019-07-09 05:50:00,780:INFO: Epoch 1/20
2019-07-09 07:33:01,647:INFO: - Training metrics: 9.25510025024414 ; 0.009657863527536392
2019-07-09 07:38:28,118:INFO: - Evaluation metrics: 9.255287170410156 ; 0.002600066363811493
2019-07-09 07:38:44,477:INFO: Epoch 2/20
2019-07-09 09:21:48,093:INFO: - Training metrics: 9.254481315612793 ; 0.002570642391219735
2019-07-09 09:27:14,589:INFO: - Evaluation metrics: 9.25493335723877 ; 0.0023420059587806463
2019-07-09 09:27:38,977:INFO: Epoch 3/20
2019-07-09 09:52:41,223:INFO: Loading the datasets...
2019-07-09 09:53:18,964:INFO: - done.
2019-07-09 09:53:21,639:INFO: Starting training for 20 epoch(s)
2019-07-09 09:53:21,639:INFO: Epoch 1/20
2019-07-09 11:36:25,130:INFO: - Training metrics: 9.255014419555664 ; inf
2019-07-09 11:41:52,387:INFO: - Evaluation metrics: 9.25545883178711 ; inf
2019-07-09 11:41:59,893:INFO: Epoch 2/20
2019-07-09 13:25:02,132:INFO: - Training metrics: 9.254643440246582 ; inf
2019-07-09 13:30:29,354:INFO: - Evaluation metrics: 9.255207061767578 ; inf
2019-07-09 13:30:36,765:INFO: Epoch 3/20
2019-07-09 15:13:40,870:INFO: - Training metrics: 9.254547119140625 ; inf
2019-07-09 15:19:08,230:INFO: - Evaluation metrics: 9.255208969116211 ; inf
2019-07-09 15:19:12,054:INFO: Epoch 4/20
2019-07-09 17:02:12,004:INFO: - Training metrics: 9.254623413085938 ; inf
2019-07-09 17:07:39,637:INFO: - Evaluation metrics: 9.255069732666016 ; inf
2019-07-09 17:07:47,326:INFO: Epoch 5/20
2019-07-09 18:50:48,859:INFO: - Training metrics: 9.254700660705566 ; inf
2019-07-09 18:56:16,490:INFO: - Evaluation metrics: 9.254899024963379 ; inf
2019-07-09 18:56:24,272:INFO: Epoch 6/20
2019-07-09 20:39:28,251:INFO: - Training metrics: 9.254528045654297 ; inf
2019-07-09 20:44:55,457:INFO: - Evaluation metrics: 9.255302429199219 ; inf
2019-07-09 20:44:59,241:INFO: Epoch 7/20
2019-07-09 22:28:02,780:INFO: - Training metrics: 9.254545211791992 ; inf
2019-07-09 22:33:30,626:INFO: - Evaluation metrics: 9.254892349243164 ; inf
2019-07-09 22:33:38,102:INFO: Epoch 8/20
2019-07-10 00:16:38,988:INFO: - Training metrics: 9.254690170288086 ; inf
2019-07-10 00:22:06,832:INFO: - Evaluation metrics: 9.254847526550293 ; inf
2019-07-10 00:22:14,350:INFO: Epoch 9/20
2019-07-10 02:05:18,674:INFO: - Training metrics: 9.254498481750488 ; inf
2019-07-10 02:10:46,667:INFO: - Evaluation metrics: 9.254790306091309 ; inf
2019-07-10 02:10:54,239:INFO: Epoch 10/20
2019-07-10 03:53:58,796:INFO: - Training metrics: 9.254502296447754 ; inf
2019-07-10 03:59:26,659:INFO: - Evaluation metrics: 9.254830360412598 ; inf
2019-07-10 03:59:30,449:INFO: Epoch 11/20
2019-07-10 05:03:45,982:INFO: Loading the datasets...
2019-07-10 05:04:24,179:INFO: - done.
2019-07-10 05:04:26,861:INFO: Starting training for 20 epoch(s)
2019-07-10 05:04:26,861:INFO: Restoring parameters from experiments/base_model_2/latest.pth.tar
2019-07-10 05:04:26,914:INFO: Epoch 1/20
2019-07-10 06:47:36,612:INFO: - Training metrics: 9.25437875403883 ; 4.520516604240777e+20
2019-07-10 06:53:02,044:INFO: - Evaluation metrics: 9.254596806616247 ; 4.501108120294402e+20
2019-07-10 06:53:13,263:INFO: Epoch 2/20
2019-07-10 08:36:19,105:INFO: - Training metrics: 9.254529107603698 ; 4.599518222203469e+20
2019-07-10 08:41:44,084:INFO: - Evaluation metrics: 9.254998069469647 ; 4.492328089872601e+20
2019-07-10 08:41:47,753:INFO: Epoch 3/20
2019-07-10 10:25:18,046:INFO: - Training metrics: 9.254466978088447 ; 4.660990497963765e+20
2019-07-10 10:30:42,840:INFO: - Evaluation metrics: 9.254942021224133 ; 4.721367858333355e+20
2019-07-10 10:30:50,276:INFO: Epoch 4/20
2019-07-10 12:13:57,529:INFO: - Training metrics: 9.25436354959652 ; 4.705466875831908e+20
2019-07-10 12:19:22,819:INFO: - Evaluation metrics: 9.254491786661958 ; 4.709391341379089e+20
2019-07-10 12:19:30,275:INFO: Epoch 5/20
2019-07-10 14:02:36,111:INFO: - Training metrics: 9.254509797088541 ; 4.7298700496057965e+20
2019-07-10 14:08:00,683:INFO: - Evaluation metrics: 9.25524121467085 ; 4.7661762243572656e+20
2019-07-10 14:08:08,171:INFO: Epoch 6/20
2019-07-10 15:51:12,996:INFO: - Training metrics: 9.254479595524943 ; 4.740039579819393e+20
2019-07-10 15:56:37,844:INFO: - Evaluation metrics: 9.254956971949383 ; 4.6560945146299875e+20
2019-07-10 15:56:41,626:INFO: Epoch 7/20
2019-07-10 17:39:46,139:INFO: - Training metrics: 9.254581188469071 ; 4.7681886933855515e+20
2019-07-10 17:45:11,200:INFO: - Evaluation metrics: 9.254758268530853 ; 4.7520883730329515e+20
2019-07-10 17:45:14,951:INFO: Epoch 8/20
2019-07-10 19:28:19,158:INFO: - Training metrics: 9.254532770474357 ; 4.764126646798205e+20
2019-07-10 19:33:43,229:INFO: - Evaluation metrics: 9.255481357029998 ; 4.76929809457771e+20
2019-07-10 19:33:50,625:INFO: Epoch 9/20
2019-07-10 21:16:55,019:INFO: - Training metrics: 9.254496066511972 ; 4.753080726905279e+20
2019-07-10 21:22:19,745:INFO: - Evaluation metrics: 9.254923004013522 ; 4.713707115207603e+20
2019-07-10 21:22:24,794:INFO: Epoch 10/20
2019-07-10 23:05:27,093:INFO: - Training metrics: 9.254572873965948 ; 4.763895805335882e+20
2019-07-10 23:10:51,544:INFO: - Evaluation metrics: 9.255303950365168 ; 4.727524414191338e+20
2019-07-10 23:10:55,273:INFO: Epoch 11/20
2019-07-11 00:53:56,320:INFO: - Training metrics: 9.254645054007987 ; 4.7684054378410554e+20
2019-07-11 00:59:20,657:INFO: - Evaluation metrics: 9.2553840807433 ; 4.720846434578513e+20
2019-07-11 00:59:24,400:INFO: Epoch 12/20
2019-07-11 02:42:27,717:INFO: - Training metrics: 9.254566466046347 ; 4.7647601427263114e+20
2019-07-11 02:47:52,294:INFO: - Evaluation metrics: 9.254922837338409 ; 4.7335800398916105e+20
2019-07-11 02:47:56,083:INFO: Epoch 13/20
2019-07-11 04:31:01,722:INFO: - Training metrics: 9.254459212779215 ; 4.7655676418085106e+20
2019-07-11 04:36:28,657:INFO: - Evaluation metrics: 9.254872992979434 ; 4.6947939147968525e+20
2019-07-11 04:36:32,421:INFO: Epoch 14/20
2019-07-11 06:32:49,833:INFO: - Training metrics: 9.254436022006391 ; 4.717240874926878e+20
2019-07-11 06:39:26,636:INFO: - Evaluation metrics: 9.254999974343438 ; 4.7569840041711626e+20
2019-07-11 06:39:30,456:INFO: Epoch 15/20
2019-07-11 08:39:40,784:INFO: - Training metrics: 9.254504965069334 ; 4.731203543831823e+20
2019-07-11 08:45:57,088:INFO: - Evaluation metrics: 9.254825667685047 ; 4.7065369470632054e+20
2019-07-11 08:46:00,785:INFO: Epoch 16/20
2019-07-11 10:45:18,841:INFO: - Training metrics: 9.254550981776843 ; 4.712660774373431e+20
2019-07-11 10:51:38,653:INFO: - Evaluation metrics: 9.254967279443889 ; 4.72530710743855e+20
2019-07-11 10:51:42,446:INFO: Epoch 17/20
2019-07-11 12:52:49,486:INFO: - Training metrics: 9.254395284608835 ; 4.739226905613987e+20
2019-07-11 12:58:57,769:INFO: - Evaluation metrics: 9.255218191769865 ; 4.652371294262663e+20
2019-07-11 12:59:47,430:INFO: Epoch 18/20
2019-07-11 15:01:16,829:INFO: - Training metrics: 9.254603608703938 ; 4.70441316841939e+20
2019-07-11 15:07:34,836:INFO: - Evaluation metrics: 9.255258071776318 ; 4.7203767418395433e+20
2019-07-11 15:07:37,910:INFO: Epoch 19/20
2019-07-11 17:09:07,890:INFO: - Training metrics: 9.254611776951416 ; 4.714568006781174e+20
2019-07-11 17:15:28,592:INFO: - Evaluation metrics: 9.254873921797747 ; 4.733930829514262e+20
2019-07-11 17:15:32,388:INFO: Epoch 20/20
2019-07-11 19:17:28,557:INFO: - Training metrics: 9.254524161391755 ; 4.699343211140257e+20
2019-07-11 19:23:48,354:INFO: - Evaluation metrics: 9.254814218535968 ; 4.6444601214760767e+20
